CRITICAL - 2023-07-12 22:28:11 --> Undefined variable: kategori
#0 C:\xampp\htdocs\ci4_coba\app\Views\v_kategoriuser.php(35): CodeIgniter\Debug\Exceptions->errorHandler(8, 'Undefined varia...', 'C:\\xampp\\htdocs...', 35, Array)
#1 C:\xampp\htdocs\ci4_coba\system\View\View.php(210): include('C:\\xampp\\htdocs...')
#2 C:\xampp\htdocs\ci4_coba\system\View\View.php(213): CodeIgniter\View\View->CodeIgniter\View\{closure}()
#3 C:\xampp\htdocs\ci4_coba\system\Common.php(1089): CodeIgniter\View\View->render('v_kategoriuser', Array, true)
#4 C:\xampp\htdocs\ci4_coba\app\Views\v_template.php(190): view('v_kategoriuser')
#5 C:\xampp\htdocs\ci4_coba\system\View\View.php(210): include('C:\\xampp\\htdocs...')
#6 C:\xampp\htdocs\ci4_coba\system\View\View.php(213): CodeIgniter\View\View->CodeIgniter\View\{closure}()
#7 C:\xampp\htdocs\ci4_coba\system\Common.php(1089): CodeIgniter\View\View->render('v_template', Array, true)
#8 C:\xampp\htdocs\ci4_coba\app\Controllers\Kategoriuser.php(25): view('v_template', Array)
#9 C:\xampp\htdocs\ci4_coba\system\CodeIgniter.php(832): App\Controllers\Kategoriuser->index()
#10 C:\xampp\htdocs\ci4_coba\system\CodeIgniter.php(419): CodeIgniter\CodeIgniter->runController(Object(App\Controllers\Kategoriuser))
#11 C:\xampp\htdocs\ci4_coba\system\CodeIgniter.php(326): CodeIgniter\CodeIgniter->handleRequest(NULL, Object(Config\Cache), false)
#12 C:\xampp\htdocs\ci4_coba\public\index.php(37): CodeIgniter\CodeIgniter->run()
#13 {main}
CRITICAL - 2023-07-12 22:54:23 --> Invalid file: arsipuser/v_index.php
#0 C:\xampp\htdocs\ci4_coba\system\View\View.php(198): CodeIgniter\Exceptions\FrameworkException::forInvalidFile('arsipuser/v_ind...')
#1 C:\xampp\htdocs\ci4_coba\system\Common.php(1089): CodeIgniter\View\View->render('arsipuser/v_ind...', Array, true)
#2 C:\xampp\htdocs\ci4_coba\app\Views\v_pengguna.php(194): view('arsipuser/v_ind...')
#3 C:\xampp\htdocs\ci4_coba\system\View\View.php(210): include('C:\\xampp\\htdocs...')
#4 C:\xampp\htdocs\ci4_coba\system\View\View.php(213): CodeIgniter\View\View->CodeIgniter\View\{closure}()
#5 C:\xampp\htdocs\ci4_coba\system\Common.php(1089): CodeIgniter\View\View->render('v_pengguna', Array, true)
#6 C:\xampp\htdocs\ci4_coba\app\Controllers\Arsipuser.php(27): view('v_pengguna', Array)
#7 C:\xampp\htdocs\ci4_coba\system\CodeIgniter.php(832): App\Controllers\Arsipuser->index()
#8 C:\xampp\htdocs\ci4_coba\system\CodeIgniter.php(419): CodeIgniter\CodeIgniter->runController(Object(App\Controllers\Arsipuser))
#9 C:\xampp\htdocs\ci4_coba\system\CodeIgniter.php(326): CodeIgniter\CodeIgniter->handleRequest(NULL, Object(Config\Cache), false)
#10 C:\xampp\htdocs\ci4_coba\public\index.php(37): CodeIgniter\CodeIgniter->run()
#11 {main}
CRITICAL - 2023-07-12 22:56:09 --> Invalid file: arsipuser/v_index.php
#0 C:\xampp\htdocs\ci4_coba\system\View\View.php(198): CodeIgniter\Exceptions\FrameworkException::forInvalidFile('arsipuser/v_ind...')
#1 C:\xampp\htdocs\ci4_coba\system\Common.php(1089): CodeIgniter\View\View->render('arsipuser/v_ind...', Array, true)
#2 C:\xampp\htdocs\ci4_coba\app\Views\v_pengguna.php(194): view('arsipuser/v_ind...')
#3 C:\xampp\htdocs\ci4_coba\system\View\View.php(210): include('C:\\xampp\\htdocs...')
#4 C:\xampp\htdocs\ci4_coba\system\View\View.php(213): CodeIgniter\View\View->CodeIgniter\View\{closure}()
#5 C:\xampp\htdocs\ci4_coba\system\Common.php(1089): CodeIgniter\View\View->render('v_pengguna', Array, true)
#6 C:\xampp\htdocs\ci4_coba\app\Controllers\Arsipuser.php(27): view('v_pengguna', Array)
#7 C:\xampp\htdocs\ci4_coba\system\CodeIgniter.php(832): App\Controllers\Arsipuser->index()
#8 C:\xampp\htdocs\ci4_coba\system\CodeIgniter.php(419): CodeIgniter\CodeIgniter->runController(Object(App\Controllers\Arsipuser))
#9 C:\xampp\htdocs\ci4_coba\system\CodeIgniter.php(326): CodeIgniter\CodeIgniter->handleRequest(NULL, Object(Config\Cache), false)
#10 C:\xampp\htdocs\ci4_coba\public\index.php(37): CodeIgniter\CodeIgniter->run()
#11 {main}
CRITICAL - 2023-07-12 22:59:11 --> Invalid file: arsipuser/v_index.php
#0 C:\xampp\htdocs\ci4_coba\system\View\View.php(198): CodeIgniter\Exceptions\FrameworkException::forInvalidFile('arsipuser/v_ind...')
#1 C:\xampp\htdocs\ci4_coba\system\Common.php(1089): CodeIgniter\View\View->render('arsipuser/v_ind...', Array, true)
#2 C:\xampp\htdocs\ci4_coba\app\Views\v_pengguna.php(194): view('arsipuser/v_ind...')
#3 C:\xampp\htdocs\ci4_coba\system\View\View.php(210): include('C:\\xampp\\htdocs...')
#4 C:\xampp\htdocs\ci4_coba\system\View\View.php(213): CodeIgniter\View\View->CodeIgniter\View\{closure}()
#5 C:\xampp\htdocs\ci4_coba\system\Common.php(1089): CodeIgniter\View\View->render('v_pengguna', Array, true)
#6 C:\xampp\htdocs\ci4_coba\app\Controllers\Arsipuser.php(27): view('v_pengguna', Array)
#7 C:\xampp\htdocs\ci4_coba\system\CodeIgniter.php(832): App\Controllers\Arsipuser->index()
#8 C:\xampp\htdocs\ci4_coba\system\CodeIgniter.php(419): CodeIgniter\CodeIgniter->runController(Object(App\Controllers\Arsipuser))
#9 C:\xampp\htdocs\ci4_coba\system\CodeIgniter.php(326): CodeIgniter\CodeIgniter->handleRequest(NULL, Object(Config\Cache), false)
#10 C:\xampp\htdocs\ci4_coba\public\index.php(37): CodeIgniter\CodeIgniter->run()
#11 {main}
CRITICAL - 2023-07-12 22:59:17 --> Invalid file: arsipuser/v_index.php
#0 C:\xampp\htdocs\ci4_coba\system\View\View.php(198): CodeIgniter\Exceptions\FrameworkException::forInvalidFile('arsipuser/v_ind...')
#1 C:\xampp\htdocs\ci4_coba\system\Common.php(1089): CodeIgniter\View\View->render('arsipuser/v_ind...', Array, true)
#2 C:\xampp\htdocs\ci4_coba\app\Views\v_pengguna.php(194): view('arsipuser/v_ind...')
#3 C:\xampp\htdocs\ci4_coba\system\View\View.php(210): include('C:\\xampp\\htdocs...')
#4 C:\xampp\htdocs\ci4_coba\system\View\View.php(213): CodeIgniter\View\View->CodeIgniter\View\{closure}()
#5 C:\xampp\htdocs\ci4_coba\system\Common.php(1089): CodeIgniter\View\View->render('v_pengguna', Array, true)
#6 C:\xampp\htdocs\ci4_coba\app\Controllers\Arsipuser.php(27): view('v_pengguna', Array)
#7 C:\xampp\htdocs\ci4_coba\system\CodeIgniter.php(832): App\Controllers\Arsipuser->index()
#8 C:\xampp\htdocs\ci4_coba\system\CodeIgniter.php(419): CodeIgniter\CodeIgniter->runController(Object(App\Controllers\Arsipuser))
#9 C:\xampp\htdocs\ci4_coba\system\CodeIgniter.php(326): CodeIgniter\CodeIgniter->handleRequest(NULL, Object(Config\Cache), false)
#10 C:\xampp\htdocs\ci4_coba\public\index.php(37): CodeIgniter\CodeIgniter->run()
#11 {main}
CRITICAL - 2023-07-12 23:04:16 --> Invalid file: Arsip_user/v_viewpdf.php
#0 C:\xampp\htdocs\ci4_coba\system\View\View.php(198): CodeIgniter\Exceptions\FrameworkException::forInvalidFile('Arsip_user/v_vi...')
#1 C:\xampp\htdocs\ci4_coba\system\Common.php(1089): CodeIgniter\View\View->render('Arsip_user/v_vi...', Array, true)
#2 C:\xampp\htdocs\ci4_coba\app\Views\v_pengguna.php(194): view('Arsip_user/v_vi...')
#3 C:\xampp\htdocs\ci4_coba\system\View\View.php(210): include('C:\\xampp\\htdocs...')
#4 C:\xampp\htdocs\ci4_coba\system\View\View.php(213): CodeIgniter\View\View->CodeIgniter\View\{closure}()
#5 C:\xampp\htdocs\ci4_coba\system\Common.php(1089): CodeIgniter\View\View->render('v_pengguna', Array, true)
#6 C:\xampp\htdocs\ci4_coba\app\Controllers\Arsipuser.php(228): view('v_pengguna', Array)
#7 C:\xampp\htdocs\ci4_coba\system\CodeIgniter.php(832): App\Controllers\Arsipuser->viewpdf('3')
#8 C:\xampp\htdocs\ci4_coba\system\CodeIgniter.php(419): CodeIgniter\CodeIgniter->runController(Object(App\Controllers\Arsipuser))
#9 C:\xampp\htdocs\ci4_coba\system\CodeIgniter.php(326): CodeIgniter\CodeIgniter->handleRequest(NULL, Object(Config\Cache), false)
#10 C:\xampp\htdocs\ci4_coba\public\index.php(37): CodeIgniter\CodeIgniter->run()
#11 {main}
