ERROR - 2024-01-10 02:02:31 --> Table 'db_arsip.tbl_bagian' doesn't exist
CRITICAL - 2024-01-10 02:02:31 --> Table 'db_arsip.tbl_bagian' doesn't exist
#0 C:\xampp\htdocs\ci4_coba\system\Database\MySQLi\Connection.php(292): mysqli->query('SELECT COUNT(*)...', 0)
#1 C:\xampp\htdocs\ci4_coba\system\Database\BaseConnection.php(670): CodeIgniter\Database\MySQLi\Connection->execute('SELECT COUNT(*)...')
#2 C:\xampp\htdocs\ci4_coba\system\Database\BaseConnection.php(598): CodeIgniter\Database\BaseConnection->simpleQuery('SELECT COUNT(*)...')
#3 C:\xampp\htdocs\ci4_coba\system\Database\BaseBuilder.php(1484): CodeIgniter\Database\BaseConnection->query('SELECT COUNT(*)...', NULL, false)
#4 C:\xampp\htdocs\ci4_coba\app\Models\ModelAdmin.php(27): CodeIgniter\Database\BaseBuilder->countAll()
#5 C:\xampp\htdocs\ci4_coba\app\Controllers\Admin.php(23): App\Models\ModelAdmin->tot_bagian()
#6 C:\xampp\htdocs\ci4_coba\system\CodeIgniter.php(832): App\Controllers\Admin->index()
#7 C:\xampp\htdocs\ci4_coba\system\CodeIgniter.php(419): CodeIgniter\CodeIgniter->runController(Object(App\Controllers\Admin))
#8 C:\xampp\htdocs\ci4_coba\system\CodeIgniter.php(326): CodeIgniter\CodeIgniter->handleRequest(NULL, Object(Config\Cache), false)
#9 C:\xampp\htdocs\ci4_coba\public\index.php(37): CodeIgniter\CodeIgniter->run()
#10 {main}
CRITICAL - 2024-01-10 02:04:08 --> You must set the database table to be used with your query.
#0 C:\xampp\htdocs\ci4_coba\system\Model.php(545): CodeIgniter\Database\BaseConnection->table(NULL)
#1 C:\xampp\htdocs\ci4_coba\system\Model.php(722): CodeIgniter\Model->builder()
#2 C:\xampp\htdocs\ci4_coba\app\Controllers\Admin.php(23): CodeIgniter\Model->__call('tot_dep', Array)
#3 C:\xampp\htdocs\ci4_coba\system\CodeIgniter.php(832): App\Controllers\Admin->index()
#4 C:\xampp\htdocs\ci4_coba\system\CodeIgniter.php(419): CodeIgniter\CodeIgniter->runController(Object(App\Controllers\Admin))
#5 C:\xampp\htdocs\ci4_coba\system\CodeIgniter.php(326): CodeIgniter\CodeIgniter->handleRequest(NULL, Object(Config\Cache), false)
#6 C:\xampp\htdocs\ci4_coba\public\index.php(37): CodeIgniter\CodeIgniter->run()
#7 {main}
CRITICAL - 2024-01-10 02:06:26 --> You must set the database table to be used with your query.
#0 C:\xampp\htdocs\ci4_coba\system\Model.php(545): CodeIgniter\Database\BaseConnection->table(NULL)
#1 C:\xampp\htdocs\ci4_coba\system\Model.php(722): CodeIgniter\Model->builder()
#2 C:\xampp\htdocs\ci4_coba\app\Controllers\Admin.php(23): CodeIgniter\Model->__call('tot_dep', Array)
#3 C:\xampp\htdocs\ci4_coba\system\CodeIgniter.php(832): App\Controllers\Admin->index()
#4 C:\xampp\htdocs\ci4_coba\system\CodeIgniter.php(419): CodeIgniter\CodeIgniter->runController(Object(App\Controllers\Admin))
#5 C:\xampp\htdocs\ci4_coba\system\CodeIgniter.php(326): CodeIgniter\CodeIgniter->handleRequest(NULL, Object(Config\Cache), false)
#6 C:\xampp\htdocs\ci4_coba\public\index.php(37): CodeIgniter\CodeIgniter->run()
#7 {main}
CRITICAL - 2024-01-10 02:11:13 --> You must set the database table to be used with your query.
#0 C:\xampp\htdocs\ci4_coba\system\Model.php(545): CodeIgniter\Database\BaseConnection->table(NULL)
#1 C:\xampp\htdocs\ci4_coba\system\Model.php(722): CodeIgniter\Model->builder()
#2 C:\xampp\htdocs\ci4_coba\app\Controllers\Admin.php(23): CodeIgniter\Model->__call('tot_dep', Array)
#3 C:\xampp\htdocs\ci4_coba\system\CodeIgniter.php(832): App\Controllers\Admin->index()
#4 C:\xampp\htdocs\ci4_coba\system\CodeIgniter.php(419): CodeIgniter\CodeIgniter->runController(Object(App\Controllers\Admin))
#5 C:\xampp\htdocs\ci4_coba\system\CodeIgniter.php(326): CodeIgniter\CodeIgniter->handleRequest(NULL, Object(Config\Cache), false)
#6 C:\xampp\htdocs\ci4_coba\public\index.php(37): CodeIgniter\CodeIgniter->run()
#7 {main}
ERROR - 2024-01-10 02:11:57 --> Unknown column 'tbl_arsip.id_bagian' in 'on clause'
CRITICAL - 2024-01-10 02:11:57 --> Unknown column 'tbl_arsip.id_bagian' in 'on clause'
#0 C:\xampp\htdocs\ci4_coba\system\Database\MySQLi\Connection.php(292): mysqli->query('SELECT *\nFROM `...', 0)
#1 C:\xampp\htdocs\ci4_coba\system\Database\BaseConnection.php(670): CodeIgniter\Database\MySQLi\Connection->execute('SELECT *\nFROM `...')
#2 C:\xampp\htdocs\ci4_coba\system\Database\BaseConnection.php(598): CodeIgniter\Database\BaseConnection->simpleQuery('SELECT *\nFROM `...')
#3 C:\xampp\htdocs\ci4_coba\system\Database\BaseBuilder.php(1455): CodeIgniter\Database\BaseConnection->query('SELECT *\nFROM `...', Array, false)
#4 C:\xampp\htdocs\ci4_coba\app\Models\ModelArsip.php(14): CodeIgniter\Database\BaseBuilder->get()
#5 C:\xampp\htdocs\ci4_coba\app\Controllers\Arsip.php(25): App\Models\ModelArsip->alldata()
#6 C:\xampp\htdocs\ci4_coba\system\CodeIgniter.php(832): App\Controllers\Arsip->index()
#7 C:\xampp\htdocs\ci4_coba\system\CodeIgniter.php(419): CodeIgniter\CodeIgniter->runController(Object(App\Controllers\Arsip))
#8 C:\xampp\htdocs\ci4_coba\system\CodeIgniter.php(326): CodeIgniter\CodeIgniter->handleRequest(NULL, Object(Config\Cache), false)
#9 C:\xampp\htdocs\ci4_coba\public\index.php(37): CodeIgniter\CodeIgniter->run()
#10 {main}
ERROR - 2024-01-10 02:12:09 --> Unknown column 'tbl_arsip.id_bagian' in 'on clause'
CRITICAL - 2024-01-10 02:12:09 --> Unknown column 'tbl_arsip.id_bagian' in 'on clause'
#0 C:\xampp\htdocs\ci4_coba\system\Database\MySQLi\Connection.php(292): mysqli->query('SELECT *\nFROM `...', 0)
#1 C:\xampp\htdocs\ci4_coba\system\Database\BaseConnection.php(670): CodeIgniter\Database\MySQLi\Connection->execute('SELECT *\nFROM `...')
#2 C:\xampp\htdocs\ci4_coba\system\Database\BaseConnection.php(598): CodeIgniter\Database\BaseConnection->simpleQuery('SELECT *\nFROM `...')
#3 C:\xampp\htdocs\ci4_coba\system\Database\BaseBuilder.php(1455): CodeIgniter\Database\BaseConnection->query('SELECT *\nFROM `...', Array, false)
#4 C:\xampp\htdocs\ci4_coba\app\Models\ModelArsip.php(14): CodeIgniter\Database\BaseBuilder->get()
#5 C:\xampp\htdocs\ci4_coba\app\Controllers\Arsip.php(25): App\Models\ModelArsip->alldata()
#6 C:\xampp\htdocs\ci4_coba\system\CodeIgniter.php(832): App\Controllers\Arsip->index()
#7 C:\xampp\htdocs\ci4_coba\system\CodeIgniter.php(419): CodeIgniter\CodeIgniter->runController(Object(App\Controllers\Arsip))
#8 C:\xampp\htdocs\ci4_coba\system\CodeIgniter.php(326): CodeIgniter\CodeIgniter->handleRequest(NULL, Object(Config\Cache), false)
#9 C:\xampp\htdocs\ci4_coba\public\index.php(37): CodeIgniter\CodeIgniter->run()
#10 {main}
ERROR - 2024-01-10 02:53:16 --> Table 'db_arsip.tbl_produk' doesn't exist
CRITICAL - 2024-01-10 02:53:16 --> Table 'db_arsip.tbl_produk' doesn't exist
#0 C:\xampp\htdocs\ci4_coba\system\Database\MySQLi\Connection.php(292): mysqli->query('SELECT *\nFROM `...', 0)
#1 C:\xampp\htdocs\ci4_coba\system\Database\BaseConnection.php(670): CodeIgniter\Database\MySQLi\Connection->execute('SELECT *\nFROM `...')
#2 C:\xampp\htdocs\ci4_coba\system\Database\BaseConnection.php(598): CodeIgniter\Database\BaseConnection->simpleQuery('SELECT *\nFROM `...')
#3 C:\xampp\htdocs\ci4_coba\system\Database\BaseBuilder.php(1455): CodeIgniter\Database\BaseConnection->query('SELECT *\nFROM `...', Array, false)
#4 C:\xampp\htdocs\ci4_coba\app\Models\ModelProduk.php(11): CodeIgniter\Database\BaseBuilder->get()
#5 C:\xampp\htdocs\ci4_coba\app\Controllers\Produk.php(23): App\Models\ModelProduk->AllData()
#6 C:\xampp\htdocs\ci4_coba\system\CodeIgniter.php(832): App\Controllers\Produk->index()
#7 C:\xampp\htdocs\ci4_coba\system\CodeIgniter.php(419): CodeIgniter\CodeIgniter->runController(Object(App\Controllers\Produk))
#8 C:\xampp\htdocs\ci4_coba\system\CodeIgniter.php(326): CodeIgniter\CodeIgniter->handleRequest(NULL, Object(Config\Cache), false)
#9 C:\xampp\htdocs\ci4_coba\public\index.php(37): CodeIgniter\CodeIgniter->run()
#10 {main}
CRITICAL - 2024-01-10 02:54:51 --> Invalid argument supplied for foreach()
#0 C:\xampp\htdocs\ci4_coba\app\Views\v_produk.php(82): CodeIgniter\Debug\Exceptions->errorHandler(2, 'Invalid argumen...', 'C:\\xampp\\htdocs...', 82, Array)
#1 C:\xampp\htdocs\ci4_coba\system\View\View.php(210): include('C:\\xampp\\htdocs...')
#2 C:\xampp\htdocs\ci4_coba\system\View\View.php(213): CodeIgniter\View\View->CodeIgniter\View\{closure}()
#3 C:\xampp\htdocs\ci4_coba\system\Common.php(1089): CodeIgniter\View\View->render('v_produk', Array, true)
#4 C:\xampp\htdocs\ci4_coba\app\Views\v_template.php(196): view('v_produk')
#5 C:\xampp\htdocs\ci4_coba\system\View\View.php(210): include('C:\\xampp\\htdocs...')
#6 C:\xampp\htdocs\ci4_coba\system\View\View.php(213): CodeIgniter\View\View->CodeIgniter\View\{closure}()
#7 C:\xampp\htdocs\ci4_coba\system\Common.php(1089): CodeIgniter\View\View->render('v_template', Array, true)
#8 C:\xampp\htdocs\ci4_coba\app\Controllers\Produk.php(25): view('v_template', Array)
#9 C:\xampp\htdocs\ci4_coba\system\CodeIgniter.php(832): App\Controllers\Produk->index()
#10 C:\xampp\htdocs\ci4_coba\system\CodeIgniter.php(419): CodeIgniter\CodeIgniter->runController(Object(App\Controllers\Produk))
#11 C:\xampp\htdocs\ci4_coba\system\CodeIgniter.php(326): CodeIgniter\CodeIgniter->handleRequest(NULL, Object(Config\Cache), false)
#12 C:\xampp\htdocs\ci4_coba\public\index.php(37): CodeIgniter\CodeIgniter->run()
#13 {main}
CRITICAL - 2024-01-10 02:55:57 --> Undefined index: produk
#0 C:\xampp\htdocs\ci4_coba\app\Views\v_produk.php(38): CodeIgniter\Debug\Exceptions->errorHandler(8, 'Undefined index...', 'C:\\xampp\\htdocs...', 38, Array)
#1 C:\xampp\htdocs\ci4_coba\system\View\View.php(210): include('C:\\xampp\\htdocs...')
#2 C:\xampp\htdocs\ci4_coba\system\View\View.php(213): CodeIgniter\View\View->CodeIgniter\View\{closure}()
#3 C:\xampp\htdocs\ci4_coba\system\Common.php(1089): CodeIgniter\View\View->render('v_produk', Array, true)
#4 C:\xampp\htdocs\ci4_coba\app\Views\v_template.php(196): view('v_produk')
#5 C:\xampp\htdocs\ci4_coba\system\View\View.php(210): include('C:\\xampp\\htdocs...')
#6 C:\xampp\htdocs\ci4_coba\system\View\View.php(213): CodeIgniter\View\View->CodeIgniter\View\{closure}()
#7 C:\xampp\htdocs\ci4_coba\system\Common.php(1089): CodeIgniter\View\View->render('v_template', Array, true)
#8 C:\xampp\htdocs\ci4_coba\app\Controllers\Produk.php(25): view('v_template', Array)
#9 C:\xampp\htdocs\ci4_coba\system\CodeIgniter.php(832): App\Controllers\Produk->index()
#10 C:\xampp\htdocs\ci4_coba\system\CodeIgniter.php(419): CodeIgniter\CodeIgniter->runController(Object(App\Controllers\Produk))
#11 C:\xampp\htdocs\ci4_coba\system\CodeIgniter.php(326): CodeIgniter\CodeIgniter->handleRequest(NULL, Object(Config\Cache), false)
#12 C:\xampp\htdocs\ci4_coba\public\index.php(37): CodeIgniter\CodeIgniter->run()
#13 {main}
CRITICAL - 2024-01-10 03:04:56 --> Undefined index: penandatangan
#0 C:\xampp\htdocs\ci4_coba\app\Views\v_produk.php(48): CodeIgniter\Debug\Exceptions->errorHandler(8, 'Undefined index...', 'C:\\xampp\\htdocs...', 48, Array)
#1 C:\xampp\htdocs\ci4_coba\system\View\View.php(210): include('C:\\xampp\\htdocs...')
#2 C:\xampp\htdocs\ci4_coba\system\View\View.php(213): CodeIgniter\View\View->CodeIgniter\View\{closure}()
#3 C:\xampp\htdocs\ci4_coba\system\Common.php(1089): CodeIgniter\View\View->render('v_produk', Array, true)
#4 C:\xampp\htdocs\ci4_coba\app\Views\v_template.php(196): view('v_produk')
#5 C:\xampp\htdocs\ci4_coba\system\View\View.php(210): include('C:\\xampp\\htdocs...')
#6 C:\xampp\htdocs\ci4_coba\system\View\View.php(213): CodeIgniter\View\View->CodeIgniter\View\{closure}()
#7 C:\xampp\htdocs\ci4_coba\system\Common.php(1089): CodeIgniter\View\View->render('v_template', Array, true)
#8 C:\xampp\htdocs\ci4_coba\app\Controllers\Produk.php(25): view('v_template', Array)
#9 C:\xampp\htdocs\ci4_coba\system\CodeIgniter.php(832): App\Controllers\Produk->index()
#10 C:\xampp\htdocs\ci4_coba\system\CodeIgniter.php(419): CodeIgniter\CodeIgniter->runController(Object(App\Controllers\Produk))
#11 C:\xampp\htdocs\ci4_coba\system\CodeIgniter.php(326): CodeIgniter\CodeIgniter->handleRequest(NULL, Object(Config\Cache), false)
#12 C:\xampp\htdocs\ci4_coba\public\index.php(37): CodeIgniter\CodeIgniter->run()
#13 {main}
ERROR - 2024-01-10 03:13:44 --> Unknown column 'penandatangan' in 'field list'
CRITICAL - 2024-01-10 03:13:44 --> Unknown column 'penandatangan' in 'field list'
#0 C:\xampp\htdocs\ci4_coba\system\Database\MySQLi\Connection.php(292): mysqli->query('INSERT INTO `tb...', 0)
#1 C:\xampp\htdocs\ci4_coba\system\Database\BaseConnection.php(670): CodeIgniter\Database\MySQLi\Connection->execute('INSERT INTO `tb...')
#2 C:\xampp\htdocs\ci4_coba\system\Database\BaseConnection.php(598): CodeIgniter\Database\BaseConnection->simpleQuery('INSERT INTO `tb...')
#3 C:\xampp\htdocs\ci4_coba\system\Database\BaseBuilder.php(1771): CodeIgniter\Database\BaseConnection->query('INSERT INTO `tb...', Array, false)
#4 C:\xampp\htdocs\ci4_coba\app\Models\ModelProduk.php(15): CodeIgniter\Database\BaseBuilder->insert(Array)
#5 C:\xampp\htdocs\ci4_coba\app\Controllers\Produk.php(42): App\Models\ModelProduk->InsertData(Array)
#6 C:\xampp\htdocs\ci4_coba\system\CodeIgniter.php(832): App\Controllers\Produk->InsertData()
#7 C:\xampp\htdocs\ci4_coba\system\CodeIgniter.php(419): CodeIgniter\CodeIgniter->runController(Object(App\Controllers\Produk))
#8 C:\xampp\htdocs\ci4_coba\system\CodeIgniter.php(326): CodeIgniter\CodeIgniter->handleRequest(NULL, Object(Config\Cache), false)
#9 C:\xampp\htdocs\ci4_coba\public\index.php(37): CodeIgniter\CodeIgniter->run()
#10 {main}
ERROR - 2024-01-10 03:18:50 --> Table 'db_arsip.tbl_dep' doesn't exist
CRITICAL - 2024-01-10 03:18:50 --> Table 'db_arsip.tbl_dep' doesn't exist
#0 C:\xampp\htdocs\ci4_coba\system\Database\MySQLi\Connection.php(292): mysqli->query('SELECT *\nFROM `...', 0)
#1 C:\xampp\htdocs\ci4_coba\system\Database\BaseConnection.php(670): CodeIgniter\Database\MySQLi\Connection->execute('SELECT *\nFROM `...')
#2 C:\xampp\htdocs\ci4_coba\system\Database\BaseConnection.php(598): CodeIgniter\Database\BaseConnection->simpleQuery('SELECT *\nFROM `...')
#3 C:\xampp\htdocs\ci4_coba\system\Database\BaseBuilder.php(1455): CodeIgniter\Database\BaseConnection->query('SELECT *\nFROM `...', Array, false)
#4 C:\xampp\htdocs\ci4_coba\app\Models\ModelBagian.php(11): CodeIgniter\Database\BaseBuilder->get()
#5 C:\xampp\htdocs\ci4_coba\app\Controllers\Bagian.php(22): App\Models\ModelBagian->AllData()
#6 C:\xampp\htdocs\ci4_coba\system\CodeIgniter.php(832): App\Controllers\Bagian->index()
#7 C:\xampp\htdocs\ci4_coba\system\CodeIgniter.php(419): CodeIgniter\CodeIgniter->runController(Object(App\Controllers\Bagian))
#8 C:\xampp\htdocs\ci4_coba\system\CodeIgniter.php(326): CodeIgniter\CodeIgniter->handleRequest(NULL, Object(Config\Cache), false)
#9 C:\xampp\htdocs\ci4_coba\public\index.php(37): CodeIgniter\CodeIgniter->run()
#10 {main}
CRITICAL - 2024-01-10 03:20:18 --> Undefined index: bagian
#0 C:\xampp\htdocs\ci4_coba\app\Views\v_bagian.php(38): CodeIgniter\Debug\Exceptions->errorHandler(8, 'Undefined index...', 'C:\\xampp\\htdocs...', 38, Array)
#1 C:\xampp\htdocs\ci4_coba\system\View\View.php(210): include('C:\\xampp\\htdocs...')
#2 C:\xampp\htdocs\ci4_coba\system\View\View.php(213): CodeIgniter\View\View->CodeIgniter\View\{closure}()
#3 C:\xampp\htdocs\ci4_coba\system\Common.php(1089): CodeIgniter\View\View->render('v_bagian', Array, true)
#4 C:\xampp\htdocs\ci4_coba\app\Views\v_template.php(196): view('v_bagian')
#5 C:\xampp\htdocs\ci4_coba\system\View\View.php(210): include('C:\\xampp\\htdocs...')
#6 C:\xampp\htdocs\ci4_coba\system\View\View.php(213): CodeIgniter\View\View->CodeIgniter\View\{closure}()
#7 C:\xampp\htdocs\ci4_coba\system\Common.php(1089): CodeIgniter\View\View->render('v_template', Array, true)
#8 C:\xampp\htdocs\ci4_coba\app\Controllers\Bagian.php(24): view('v_template', Array)
#9 C:\xampp\htdocs\ci4_coba\system\CodeIgniter.php(832): App\Controllers\Bagian->index()
#10 C:\xampp\htdocs\ci4_coba\system\CodeIgniter.php(419): CodeIgniter\CodeIgniter->runController(Object(App\Controllers\Bagian))
#11 C:\xampp\htdocs\ci4_coba\system\CodeIgniter.php(326): CodeIgniter\CodeIgniter->handleRequest(NULL, Object(Config\Cache), false)
#12 C:\xampp\htdocs\ci4_coba\public\index.php(37): CodeIgniter\CodeIgniter->run()
#13 {main}
CRITICAL - 2024-01-10 03:22:30 --> Undefined index: bagian
#0 C:\xampp\htdocs\ci4_coba\app\Views\v_user.php(52): CodeIgniter\Debug\Exceptions->errorHandler(8, 'Undefined index...', 'C:\\xampp\\htdocs...', 52, Array)
#1 C:\xampp\htdocs\ci4_coba\system\View\View.php(210): include('C:\\xampp\\htdocs...')
#2 C:\xampp\htdocs\ci4_coba\system\View\View.php(213): CodeIgniter\View\View->CodeIgniter\View\{closure}()
#3 C:\xampp\htdocs\ci4_coba\system\Common.php(1089): CodeIgniter\View\View->render('v_user', Array, true)
#4 C:\xampp\htdocs\ci4_coba\app\Views\v_template.php(196): view('v_user')
#5 C:\xampp\htdocs\ci4_coba\system\View\View.php(210): include('C:\\xampp\\htdocs...')
#6 C:\xampp\htdocs\ci4_coba\system\View\View.php(213): CodeIgniter\View\View->CodeIgniter\View\{closure}()
#7 C:\xampp\htdocs\ci4_coba\system\Common.php(1089): CodeIgniter\View\View->render('v_template', Array, true)
#8 C:\xampp\htdocs\ci4_coba\app\Controllers\User.php(26): view('v_template', Array)
#9 C:\xampp\htdocs\ci4_coba\system\CodeIgniter.php(832): App\Controllers\User->index()
#10 C:\xampp\htdocs\ci4_coba\system\CodeIgniter.php(419): CodeIgniter\CodeIgniter->runController(Object(App\Controllers\User))
#11 C:\xampp\htdocs\ci4_coba\system\CodeIgniter.php(326): CodeIgniter\CodeIgniter->handleRequest(NULL, Object(Config\Cache), false)
#12 C:\xampp\htdocs\ci4_coba\public\index.php(37): CodeIgniter\CodeIgniter->run()
#13 {main}
CRITICAL - 2024-01-10 03:23:11 --> Undefined index: bagian
#0 C:\xampp\htdocs\ci4_coba\app\Views\v_user.php(106): CodeIgniter\Debug\Exceptions->errorHandler(8, 'Undefined index...', 'C:\\xampp\\htdocs...', 106, Array)
#1 C:\xampp\htdocs\ci4_coba\system\View\View.php(210): include('C:\\xampp\\htdocs...')
#2 C:\xampp\htdocs\ci4_coba\system\View\View.php(213): CodeIgniter\View\View->CodeIgniter\View\{closure}()
#3 C:\xampp\htdocs\ci4_coba\system\Common.php(1089): CodeIgniter\View\View->render('v_user', Array, true)
#4 C:\xampp\htdocs\ci4_coba\app\Views\v_template.php(196): view('v_user')
#5 C:\xampp\htdocs\ci4_coba\system\View\View.php(210): include('C:\\xampp\\htdocs...')
#6 C:\xampp\htdocs\ci4_coba\system\View\View.php(213): CodeIgniter\View\View->CodeIgniter\View\{closure}()
#7 C:\xampp\htdocs\ci4_coba\system\Common.php(1089): CodeIgniter\View\View->render('v_template', Array, true)
#8 C:\xampp\htdocs\ci4_coba\app\Controllers\User.php(26): view('v_template', Array)
#9 C:\xampp\htdocs\ci4_coba\system\CodeIgniter.php(832): App\Controllers\User->index()
#10 C:\xampp\htdocs\ci4_coba\system\CodeIgniter.php(419): CodeIgniter\CodeIgniter->runController(Object(App\Controllers\User))
#11 C:\xampp\htdocs\ci4_coba\system\CodeIgniter.php(326): CodeIgniter\CodeIgniter->handleRequest(NULL, Object(Config\Cache), false)
#12 C:\xampp\htdocs\ci4_coba\public\index.php(37): CodeIgniter\CodeIgniter->run()
#13 {main}
CRITICAL - 2024-01-10 03:23:53 --> Undefined index: bagian
#0 C:\xampp\htdocs\ci4_coba\app\Views\v_user.php(162): CodeIgniter\Debug\Exceptions->errorHandler(8, 'Undefined index...', 'C:\\xampp\\htdocs...', 162, Array)
#1 C:\xampp\htdocs\ci4_coba\system\View\View.php(210): include('C:\\xampp\\htdocs...')
#2 C:\xampp\htdocs\ci4_coba\system\View\View.php(213): CodeIgniter\View\View->CodeIgniter\View\{closure}()
#3 C:\xampp\htdocs\ci4_coba\system\Common.php(1089): CodeIgniter\View\View->render('v_user', Array, true)
#4 C:\xampp\htdocs\ci4_coba\app\Views\v_template.php(196): view('v_user')
#5 C:\xampp\htdocs\ci4_coba\system\View\View.php(210): include('C:\\xampp\\htdocs...')
#6 C:\xampp\htdocs\ci4_coba\system\View\View.php(213): CodeIgniter\View\View->CodeIgniter\View\{closure}()
#7 C:\xampp\htdocs\ci4_coba\system\Common.php(1089): CodeIgniter\View\View->render('v_template', Array, true)
#8 C:\xampp\htdocs\ci4_coba\app\Controllers\User.php(26): view('v_template', Array)
#9 C:\xampp\htdocs\ci4_coba\system\CodeIgniter.php(832): App\Controllers\User->index()
#10 C:\xampp\htdocs\ci4_coba\system\CodeIgniter.php(419): CodeIgniter\CodeIgniter->runController(Object(App\Controllers\User))
#11 C:\xampp\htdocs\ci4_coba\system\CodeIgniter.php(326): CodeIgniter\CodeIgniter->handleRequest(NULL, Object(Config\Cache), false)
#12 C:\xampp\htdocs\ci4_coba\public\index.php(37): CodeIgniter\CodeIgniter->run()
#13 {main}
