CRITICAL - 2023-06-15 05:14:38 --> Undefined variable: menu
#0 C:\xampp\htdocs\ci4_coba\app\Views\v_penjualan.php(163): CodeIgniter\Debug\Exceptions->errorHandler(8, 'Undefined varia...', 'C:\\xampp\\htdocs...', 163, Array)
#1 C:\xampp\htdocs\ci4_coba\system\View\View.php(210): include('C:\\xampp\\htdocs...')
#2 C:\xampp\htdocs\ci4_coba\system\View\View.php(213): CodeIgniter\View\View->CodeIgniter\View\{closure}()
#3 C:\xampp\htdocs\ci4_coba\system\Common.php(1089): CodeIgniter\View\View->render('v_penjualan', Array, true)
#4 C:\xampp\htdocs\ci4_coba\app\Controllers\Penjualan.php(25): view('v_penjualan', Array)
#5 C:\xampp\htdocs\ci4_coba\system\CodeIgniter.php(832): App\Controllers\Penjualan->index()
#6 C:\xampp\htdocs\ci4_coba\system\CodeIgniter.php(419): CodeIgniter\CodeIgniter->runController(Object(App\Controllers\Penjualan))
#7 C:\xampp\htdocs\ci4_coba\system\CodeIgniter.php(326): CodeIgniter\CodeIgniter->handleRequest(NULL, Object(Config\Cache), false)
#8 C:\xampp\htdocs\ci4_coba\public\index.php(37): CodeIgniter\CodeIgniter->run()
#9 {main}
CRITICAL - 2023-06-15 05:15:55 --> Undefined variable: menu
#0 C:\xampp\htdocs\ci4_coba\app\Views\v_penjualan.php(163): CodeIgniter\Debug\Exceptions->errorHandler(8, 'Undefined varia...', 'C:\\xampp\\htdocs...', 163, Array)
#1 C:\xampp\htdocs\ci4_coba\system\View\View.php(210): include('C:\\xampp\\htdocs...')
#2 C:\xampp\htdocs\ci4_coba\system\View\View.php(213): CodeIgniter\View\View->CodeIgniter\View\{closure}()
#3 C:\xampp\htdocs\ci4_coba\system\Common.php(1089): CodeIgniter\View\View->render('v_penjualan', Array, true)
#4 C:\xampp\htdocs\ci4_coba\app\Controllers\Penjualan.php(25): view('v_penjualan', Array)
#5 C:\xampp\htdocs\ci4_coba\system\CodeIgniter.php(832): App\Controllers\Penjualan->index()
#6 C:\xampp\htdocs\ci4_coba\system\CodeIgniter.php(419): CodeIgniter\CodeIgniter->runController(Object(App\Controllers\Penjualan))
#7 C:\xampp\htdocs\ci4_coba\system\CodeIgniter.php(326): CodeIgniter\CodeIgniter->handleRequest(NULL, Object(Config\Cache), false)
#8 C:\xampp\htdocs\ci4_coba\public\index.php(37): CodeIgniter\CodeIgniter->run()
#9 {main}
CRITICAL - 2023-06-15 22:23:12 --> Class 'App\Models\ModelSatuan' not found
#0 C:\xampp\htdocs\ci4_coba\system\CodeIgniter.php(809): App\Controllers\Produk->__construct()
#1 C:\xampp\htdocs\ci4_coba\system\CodeIgniter.php(410): CodeIgniter\CodeIgniter->createController()
#2 C:\xampp\htdocs\ci4_coba\system\CodeIgniter.php(326): CodeIgniter\CodeIgniter->handleRequest(NULL, Object(Config\Cache), false)
#3 C:\xampp\htdocs\ci4_coba\public\index.php(37): CodeIgniter\CodeIgniter->run()
#4 {main}
CRITICAL - 2023-06-15 22:23:54 --> Undefined property: App\Controllers\Produk::$ModelSatuan
#0 C:\xampp\htdocs\ci4_coba\app\Controllers\Produk.php(28): CodeIgniter\Debug\Exceptions->errorHandler(8, 'Undefined prope...', 'C:\\xampp\\htdocs...', 28, Array)
#1 C:\xampp\htdocs\ci4_coba\system\CodeIgniter.php(832): App\Controllers\Produk->index()
#2 C:\xampp\htdocs\ci4_coba\system\CodeIgniter.php(419): CodeIgniter\CodeIgniter->runController(Object(App\Controllers\Produk))
#3 C:\xampp\htdocs\ci4_coba\system\CodeIgniter.php(326): CodeIgniter\CodeIgniter->handleRequest(NULL, Object(Config\Cache), false)
#4 C:\xampp\htdocs\ci4_coba\public\index.php(37): CodeIgniter\CodeIgniter->run()
#5 {main}
CRITICAL - 2023-06-15 22:28:26 --> Undefined index: id_satuan
#0 C:\xampp\htdocs\ci4_coba\app\Views\v_produk.php(114): CodeIgniter\Debug\Exceptions->errorHandler(8, 'Undefined index...', 'C:\\xampp\\htdocs...', 114, Array)
#1 C:\xampp\htdocs\ci4_coba\system\View\View.php(210): include('C:\\xampp\\htdocs...')
#2 C:\xampp\htdocs\ci4_coba\system\View\View.php(213): CodeIgniter\View\View->CodeIgniter\View\{closure}()
#3 C:\xampp\htdocs\ci4_coba\system\Common.php(1089): CodeIgniter\View\View->render('v_produk', Array, true)
#4 C:\xampp\htdocs\ci4_coba\app\Views\v_template.php(209): view('v_produk')
#5 C:\xampp\htdocs\ci4_coba\system\View\View.php(210): include('C:\\xampp\\htdocs...')
#6 C:\xampp\htdocs\ci4_coba\system\View\View.php(213): CodeIgniter\View\View->CodeIgniter\View\{closure}()
#7 C:\xampp\htdocs\ci4_coba\system\Common.php(1089): CodeIgniter\View\View->render('v_template', Array, true)
#8 C:\xampp\htdocs\ci4_coba\app\Controllers\Produk.php(31): view('v_template', Array)
#9 C:\xampp\htdocs\ci4_coba\system\CodeIgniter.php(832): App\Controllers\Produk->index()
#10 C:\xampp\htdocs\ci4_coba\system\CodeIgniter.php(419): CodeIgniter\CodeIgniter->runController(Object(App\Controllers\Produk))
#11 C:\xampp\htdocs\ci4_coba\system\CodeIgniter.php(326): CodeIgniter\CodeIgniter->handleRequest(NULL, Object(Config\Cache), false)
#12 C:\xampp\htdocs\ci4_coba\public\index.php(37): CodeIgniter\CodeIgniter->run()
#13 {main}
CRITICAL - 2023-06-15 22:56:52 --> Allowed memory size of 536870912 bytes exhausted (tried to allocate 32768 bytes)
#0 [internal function]: CodeIgniter\Debug\Exceptions->shutdownHandler()
#1 {main}
CRITICAL - 2023-06-15 23:00:24 --> Maximum execution time of 120 seconds exceeded
#0 [internal function]: CodeIgniter\Debug\Exceptions->shutdownHandler()
#1 {main}
CRITICAL - 2023-06-15 23:09:01 --> Maximum execution time of 120 seconds exceeded
#0 [internal function]: CodeIgniter\Debug\Exceptions->shutdownHandler()
#1 {main}
CRITICAL - 2023-06-15 23:09:02 --> Maximum execution time of 120 seconds exceeded
#0 [internal function]: CodeIgniter\Debug\Exceptions->shutdownHandler()
#1 {main}
