CRITICAL - 2023-06-18 00:05:33 --> Undefined variable: tot_arsip
#0 C:\xampp\htdocs\ci4_coba\app\Views\v_admin.php(6): CodeIgniter\Debug\Exceptions->errorHandler(8, 'Undefined varia...', 'C:\\xampp\\htdocs...', 6, Array)
#1 C:\xampp\htdocs\ci4_coba\system\View\View.php(210): include('C:\\xampp\\htdocs...')
#2 C:\xampp\htdocs\ci4_coba\system\View\View.php(213): CodeIgniter\View\View->CodeIgniter\View\{closure}()
#3 C:\xampp\htdocs\ci4_coba\system\Common.php(1089): CodeIgniter\View\View->render('v_admin', Array, true)
#4 C:\xampp\htdocs\ci4_coba\app\Views\v_template.php(190): view('v_admin')
#5 C:\xampp\htdocs\ci4_coba\system\View\View.php(210): include('C:\\xampp\\htdocs...')
#6 C:\xampp\htdocs\ci4_coba\system\View\View.php(213): CodeIgniter\View\View->CodeIgniter\View\{closure}()
#7 C:\xampp\htdocs\ci4_coba\system\Common.php(1089): CodeIgniter\View\View->render('v_template', Array, true)
#8 C:\xampp\htdocs\ci4_coba\app\Controllers\Admin.php(23): view('v_template', Array)
#9 C:\xampp\htdocs\ci4_coba\system\CodeIgniter.php(832): App\Controllers\Admin->index()
#10 C:\xampp\htdocs\ci4_coba\system\CodeIgniter.php(419): CodeIgniter\CodeIgniter->runController(Object(App\Controllers\Admin))
#11 C:\xampp\htdocs\ci4_coba\system\CodeIgniter.php(326): CodeIgniter\CodeIgniter->handleRequest(NULL, Object(Config\Cache), false)
#12 C:\xampp\htdocs\ci4_coba\public\index.php(37): CodeIgniter\CodeIgniter->run()
#13 {main}
CRITICAL - 2023-06-18 00:17:32 --> Undefined property: App\Controllers\Admin::$Model_home
#0 C:\xampp\htdocs\ci4_coba\app\Controllers\Admin.php(22): CodeIgniter\Debug\Exceptions->errorHandler(8, 'Undefined prope...', 'C:\\xampp\\htdocs...', 22, Array)
#1 C:\xampp\htdocs\ci4_coba\system\CodeIgniter.php(832): App\Controllers\Admin->index()
#2 C:\xampp\htdocs\ci4_coba\system\CodeIgniter.php(419): CodeIgniter\CodeIgniter->runController(Object(App\Controllers\Admin))
#3 C:\xampp\htdocs\ci4_coba\system\CodeIgniter.php(326): CodeIgniter\CodeIgniter->handleRequest(NULL, Object(Config\Cache), false)
#4 C:\xampp\htdocs\ci4_coba\public\index.php(37): CodeIgniter\CodeIgniter->run()
#5 {main}
CRITICAL - 2023-06-18 00:18:16 --> You must set the database table to be used with your query.
#0 C:\xampp\htdocs\ci4_coba\system\Model.php(545): CodeIgniter\Database\BaseConnection->table(NULL)
#1 C:\xampp\htdocs\ci4_coba\system\Model.php(722): CodeIgniter\Model->builder()
#2 C:\xampp\htdocs\ci4_coba\app\Controllers\Admin.php(23): CodeIgniter\Model->__call('tot_dep', Array)
#3 C:\xampp\htdocs\ci4_coba\system\CodeIgniter.php(832): App\Controllers\Admin->index()
#4 C:\xampp\htdocs\ci4_coba\system\CodeIgniter.php(419): CodeIgniter\CodeIgniter->runController(Object(App\Controllers\Admin))
#5 C:\xampp\htdocs\ci4_coba\system\CodeIgniter.php(326): CodeIgniter\CodeIgniter->handleRequest(NULL, Object(Config\Cache), false)
#6 C:\xampp\htdocs\ci4_coba\public\index.php(37): CodeIgniter\CodeIgniter->run()
#7 {main}
CRITICAL - 2023-06-18 00:19:31 --> You must set the database table to be used with your query.
#0 C:\xampp\htdocs\ci4_coba\system\Model.php(545): CodeIgniter\Database\BaseConnection->table(NULL)
#1 C:\xampp\htdocs\ci4_coba\system\Model.php(722): CodeIgniter\Model->builder()
#2 C:\xampp\htdocs\ci4_coba\app\Controllers\Admin.php(23): CodeIgniter\Model->__call('tot_dep', Array)
#3 C:\xampp\htdocs\ci4_coba\system\CodeIgniter.php(832): App\Controllers\Admin->index()
#4 C:\xampp\htdocs\ci4_coba\system\CodeIgniter.php(419): CodeIgniter\CodeIgniter->runController(Object(App\Controllers\Admin))
#5 C:\xampp\htdocs\ci4_coba\system\CodeIgniter.php(326): CodeIgniter\CodeIgniter->handleRequest(NULL, Object(Config\Cache), false)
#6 C:\xampp\htdocs\ci4_coba\public\index.php(37): CodeIgniter\CodeIgniter->run()
#7 {main}
CRITICAL - 2023-06-18 00:29:28 --> Class 'App\Filters\FilterKasir' not found
#0 C:\xampp\htdocs\ci4_coba\system\CodeIgniter.php(393): CodeIgniter\Filters\Filters->run('Admin', 'before')
#1 C:\xampp\htdocs\ci4_coba\system\CodeIgniter.php(326): CodeIgniter\CodeIgniter->handleRequest(NULL, Object(Config\Cache), false)
#2 C:\xampp\htdocs\ci4_coba\public\index.php(37): CodeIgniter\CodeIgniter->run()
#3 {main}
CRITICAL - 2023-06-18 00:30:26 --> filterpengguna filter must have a matching alias defined.
#0 C:\xampp\htdocs\ci4_coba\system\Filters\Filters.php(493): CodeIgniter\Filters\Exceptions\FilterException::forNoAlias('filterpengguna')
#1 C:\xampp\htdocs\ci4_coba\system\Filters\Filters.php(243): CodeIgniter\Filters\Filters->processAliasesToClass('before')
#2 C:\xampp\htdocs\ci4_coba\system\Filters\Filters.php(163): CodeIgniter\Filters\Filters->initialize('admin')
#3 C:\xampp\htdocs\ci4_coba\system\CodeIgniter.php(393): CodeIgniter\Filters\Filters->run('Admin', 'before')
#4 C:\xampp\htdocs\ci4_coba\system\CodeIgniter.php(326): CodeIgniter\CodeIgniter->handleRequest(NULL, Object(Config\Cache), false)
#5 C:\xampp\htdocs\ci4_coba\public\index.php(37): CodeIgniter\CodeIgniter->run()
#6 {main}
CRITICAL - 2023-06-18 00:31:51 --> Class 'App\Filters\FilterPengguna' not found
#0 C:\xampp\htdocs\ci4_coba\system\CodeIgniter.php(393): CodeIgniter\Filters\Filters->run('Admin', 'before')
#1 C:\xampp\htdocs\ci4_coba\system\CodeIgniter.php(326): CodeIgniter\CodeIgniter->handleRequest(NULL, Object(Config\Cache), false)
#2 C:\xampp\htdocs\ci4_coba\public\index.php(37): CodeIgniter\CodeIgniter->run()
#3 {main}
