CRITICAL - 2023-06-17 00:03:17 --> Undefined index: nama_dep
#0 C:\xampp\htdocs\ci4_coba\app\Views\arsip\v_index.php(51): CodeIgniter\Debug\Exceptions->errorHandler(8, 'Undefined index...', 'C:\\xampp\\htdocs...', 51, Array)
#1 C:\xampp\htdocs\ci4_coba\system\View\View.php(210): include('C:\\xampp\\htdocs...')
#2 C:\xampp\htdocs\ci4_coba\system\View\View.php(213): CodeIgniter\View\View->CodeIgniter\View\{closure}()
#3 C:\xampp\htdocs\ci4_coba\system\Common.php(1089): CodeIgniter\View\View->render('arsip/v_index', Array, true)
#4 C:\xampp\htdocs\ci4_coba\app\Views\v_template.php(209): view('arsip/v_index')
#5 C:\xampp\htdocs\ci4_coba\system\View\View.php(210): include('C:\\xampp\\htdocs...')
#6 C:\xampp\htdocs\ci4_coba\system\View\View.php(213): CodeIgniter\View\View->CodeIgniter\View\{closure}()
#7 C:\xampp\htdocs\ci4_coba\system\Common.php(1089): CodeIgniter\View\View->render('v_template', Array, true)
#8 C:\xampp\htdocs\ci4_coba\app\Controllers\Arsip.php(27): view('v_template', Array)
#9 C:\xampp\htdocs\ci4_coba\system\CodeIgniter.php(832): App\Controllers\Arsip->index()
#10 C:\xampp\htdocs\ci4_coba\system\CodeIgniter.php(419): CodeIgniter\CodeIgniter->runController(Object(App\Controllers\Arsip))
#11 C:\xampp\htdocs\ci4_coba\system\CodeIgniter.php(326): CodeIgniter\CodeIgniter->handleRequest(NULL, Object(Config\Cache), false)
#12 C:\xampp\htdocs\ci4_coba\public\index.php(37): CodeIgniter\CodeIgniter->run()
#13 {main}
CRITICAL - 2023-06-17 00:08:59 --> Undefined property: App\Controllers\Arsip::$Model_arsip
#0 C:\xampp\htdocs\ci4_coba\app\Controllers\Arsip.php(115): CodeIgniter\Debug\Exceptions->errorHandler(8, 'Undefined prope...', 'C:\\xampp\\htdocs...', 115, Array)
#1 C:\xampp\htdocs\ci4_coba\system\CodeIgniter.php(832): App\Controllers\Arsip->edit('1')
#2 C:\xampp\htdocs\ci4_coba\system\CodeIgniter.php(419): CodeIgniter\CodeIgniter->runController(Object(App\Controllers\Arsip))
#3 C:\xampp\htdocs\ci4_coba\system\CodeIgniter.php(326): CodeIgniter\CodeIgniter->handleRequest(NULL, Object(Config\Cache), false)
#4 C:\xampp\htdocs\ci4_coba\public\index.php(37): CodeIgniter\CodeIgniter->run()
#5 {main}
CRITICAL - 2023-06-17 00:12:00 --> Undefined property: App\Controllers\Arsip::$Model_arsip
#0 C:\xampp\htdocs\ci4_coba\app\Controllers\Arsip.php(97): CodeIgniter\Debug\Exceptions->errorHandler(8, 'Undefined prope...', 'C:\\xampp\\htdocs...', 97, Array)
#1 C:\xampp\htdocs\ci4_coba\system\CodeIgniter.php(832): App\Controllers\Arsip->insert()
#2 C:\xampp\htdocs\ci4_coba\system\CodeIgniter.php(419): CodeIgniter\CodeIgniter->runController(Object(App\Controllers\Arsip))
#3 C:\xampp\htdocs\ci4_coba\system\CodeIgniter.php(326): CodeIgniter\CodeIgniter->handleRequest(NULL, Object(Config\Cache), false)
#4 C:\xampp\htdocs\ci4_coba\public\index.php(37): CodeIgniter\CodeIgniter->run()
#5 {main}
CRITICAL - 2023-06-17 23:04:35 --> Undefined variable: bagian
#0 C:\xampp\htdocs\ci4_coba\app\Views\v_user.php(105): CodeIgniter\Debug\Exceptions->errorHandler(8, 'Undefined varia...', 'C:\\xampp\\htdocs...', 105, Array)
#1 C:\xampp\htdocs\ci4_coba\system\View\View.php(210): include('C:\\xampp\\htdocs...')
#2 C:\xampp\htdocs\ci4_coba\system\View\View.php(213): CodeIgniter\View\View->CodeIgniter\View\{closure}()
#3 C:\xampp\htdocs\ci4_coba\system\Common.php(1089): CodeIgniter\View\View->render('v_user', Array, true)
#4 C:\xampp\htdocs\ci4_coba\app\Views\v_template.php(209): view('v_user')
#5 C:\xampp\htdocs\ci4_coba\system\View\View.php(210): include('C:\\xampp\\htdocs...')
#6 C:\xampp\htdocs\ci4_coba\system\View\View.php(213): CodeIgniter\View\View->CodeIgniter\View\{closure}()
#7 C:\xampp\htdocs\ci4_coba\system\Common.php(1089): CodeIgniter\View\View->render('v_template', Array, true)
#8 C:\xampp\htdocs\ci4_coba\app\Controllers\User.php(23): view('v_template', Array)
#9 C:\xampp\htdocs\ci4_coba\system\CodeIgniter.php(832): App\Controllers\User->index()
#10 C:\xampp\htdocs\ci4_coba\system\CodeIgniter.php(419): CodeIgniter\CodeIgniter->runController(Object(App\Controllers\User))
#11 C:\xampp\htdocs\ci4_coba\system\CodeIgniter.php(326): CodeIgniter\CodeIgniter->handleRequest(NULL, Object(Config\Cache), false)
#12 C:\xampp\htdocs\ci4_coba\public\index.php(37): CodeIgniter\CodeIgniter->run()
#13 {main}
CRITICAL - 2023-06-17 23:06:56 --> Undefined variable: bagian
#0 C:\xampp\htdocs\ci4_coba\app\Views\v_user.php(105): CodeIgniter\Debug\Exceptions->errorHandler(8, 'Undefined varia...', 'C:\\xampp\\htdocs...', 105, Array)
#1 C:\xampp\htdocs\ci4_coba\system\View\View.php(210): include('C:\\xampp\\htdocs...')
#2 C:\xampp\htdocs\ci4_coba\system\View\View.php(213): CodeIgniter\View\View->CodeIgniter\View\{closure}()
#3 C:\xampp\htdocs\ci4_coba\system\Common.php(1089): CodeIgniter\View\View->render('v_user', Array, true)
#4 C:\xampp\htdocs\ci4_coba\app\Views\v_template.php(209): view('v_user')
#5 C:\xampp\htdocs\ci4_coba\system\View\View.php(210): include('C:\\xampp\\htdocs...')
#6 C:\xampp\htdocs\ci4_coba\system\View\View.php(213): CodeIgniter\View\View->CodeIgniter\View\{closure}()
#7 C:\xampp\htdocs\ci4_coba\system\Common.php(1089): CodeIgniter\View\View->render('v_template', Array, true)
#8 C:\xampp\htdocs\ci4_coba\app\Controllers\User.php(23): view('v_template', Array)
#9 C:\xampp\htdocs\ci4_coba\system\CodeIgniter.php(832): App\Controllers\User->index()
#10 C:\xampp\htdocs\ci4_coba\system\CodeIgniter.php(419): CodeIgniter\CodeIgniter->runController(Object(App\Controllers\User))
#11 C:\xampp\htdocs\ci4_coba\system\CodeIgniter.php(326): CodeIgniter\CodeIgniter->handleRequest(NULL, Object(Config\Cache), false)
#12 C:\xampp\htdocs\ci4_coba\public\index.php(37): CodeIgniter\CodeIgniter->run()
#13 {main}
CRITICAL - 2023-06-17 23:08:56 --> Undefined variable: bagian
#0 C:\xampp\htdocs\ci4_coba\app\Views\v_user.php(105): CodeIgniter\Debug\Exceptions->errorHandler(8, 'Undefined varia...', 'C:\\xampp\\htdocs...', 105, Array)
#1 C:\xampp\htdocs\ci4_coba\system\View\View.php(210): include('C:\\xampp\\htdocs...')
#2 C:\xampp\htdocs\ci4_coba\system\View\View.php(213): CodeIgniter\View\View->CodeIgniter\View\{closure}()
#3 C:\xampp\htdocs\ci4_coba\system\Common.php(1089): CodeIgniter\View\View->render('v_user', Array, true)
#4 C:\xampp\htdocs\ci4_coba\app\Views\v_template.php(209): view('v_user')
#5 C:\xampp\htdocs\ci4_coba\system\View\View.php(210): include('C:\\xampp\\htdocs...')
#6 C:\xampp\htdocs\ci4_coba\system\View\View.php(213): CodeIgniter\View\View->CodeIgniter\View\{closure}()
#7 C:\xampp\htdocs\ci4_coba\system\Common.php(1089): CodeIgniter\View\View->render('v_template', Array, true)
#8 C:\xampp\htdocs\ci4_coba\app\Controllers\User.php(23): view('v_template', Array)
#9 C:\xampp\htdocs\ci4_coba\system\CodeIgniter.php(832): App\Controllers\User->index()
#10 C:\xampp\htdocs\ci4_coba\system\CodeIgniter.php(419): CodeIgniter\CodeIgniter->runController(Object(App\Controllers\User))
#11 C:\xampp\htdocs\ci4_coba\system\CodeIgniter.php(326): CodeIgniter\CodeIgniter->handleRequest(NULL, Object(Config\Cache), false)
#12 C:\xampp\htdocs\ci4_coba\public\index.php(37): CodeIgniter\CodeIgniter->run()
#13 {main}
CRITICAL - 2023-06-17 23:16:08 --> Undefined variable: bagian
#0 C:\xampp\htdocs\ci4_coba\app\Views\v_user.php(105): CodeIgniter\Debug\Exceptions->errorHandler(8, 'Undefined varia...', 'C:\\xampp\\htdocs...', 105, Array)
#1 C:\xampp\htdocs\ci4_coba\system\View\View.php(210): include('C:\\xampp\\htdocs...')
#2 C:\xampp\htdocs\ci4_coba\system\View\View.php(213): CodeIgniter\View\View->CodeIgniter\View\{closure}()
#3 C:\xampp\htdocs\ci4_coba\system\Common.php(1089): CodeIgniter\View\View->render('v_user', Array, true)
#4 C:\xampp\htdocs\ci4_coba\app\Views\v_template.php(209): view('v_user')
#5 C:\xampp\htdocs\ci4_coba\system\View\View.php(210): include('C:\\xampp\\htdocs...')
#6 C:\xampp\htdocs\ci4_coba\system\View\View.php(213): CodeIgniter\View\View->CodeIgniter\View\{closure}()
#7 C:\xampp\htdocs\ci4_coba\system\Common.php(1089): CodeIgniter\View\View->render('v_template', Array, true)
#8 C:\xampp\htdocs\ci4_coba\app\Controllers\User.php(23): view('v_template', Array)
#9 C:\xampp\htdocs\ci4_coba\system\CodeIgniter.php(832): App\Controllers\User->index()
#10 C:\xampp\htdocs\ci4_coba\system\CodeIgniter.php(419): CodeIgniter\CodeIgniter->runController(Object(App\Controllers\User))
#11 C:\xampp\htdocs\ci4_coba\system\CodeIgniter.php(326): CodeIgniter\CodeIgniter->handleRequest(NULL, Object(Config\Cache), false)
#12 C:\xampp\htdocs\ci4_coba\public\index.php(37): CodeIgniter\CodeIgniter->run()
#13 {main}
CRITICAL - 2023-06-17 23:16:13 --> Undefined variable: bagian
#0 C:\xampp\htdocs\ci4_coba\app\Views\v_user.php(105): CodeIgniter\Debug\Exceptions->errorHandler(8, 'Undefined varia...', 'C:\\xampp\\htdocs...', 105, Array)
#1 C:\xampp\htdocs\ci4_coba\system\View\View.php(210): include('C:\\xampp\\htdocs...')
#2 C:\xampp\htdocs\ci4_coba\system\View\View.php(213): CodeIgniter\View\View->CodeIgniter\View\{closure}()
#3 C:\xampp\htdocs\ci4_coba\system\Common.php(1089): CodeIgniter\View\View->render('v_user', Array, true)
#4 C:\xampp\htdocs\ci4_coba\app\Views\v_template.php(209): view('v_user')
#5 C:\xampp\htdocs\ci4_coba\system\View\View.php(210): include('C:\\xampp\\htdocs...')
#6 C:\xampp\htdocs\ci4_coba\system\View\View.php(213): CodeIgniter\View\View->CodeIgniter\View\{closure}()
#7 C:\xampp\htdocs\ci4_coba\system\Common.php(1089): CodeIgniter\View\View->render('v_template', Array, true)
#8 C:\xampp\htdocs\ci4_coba\app\Controllers\User.php(23): view('v_template', Array)
#9 C:\xampp\htdocs\ci4_coba\system\CodeIgniter.php(832): App\Controllers\User->index()
#10 C:\xampp\htdocs\ci4_coba\system\CodeIgniter.php(419): CodeIgniter\CodeIgniter->runController(Object(App\Controllers\User))
#11 C:\xampp\htdocs\ci4_coba\system\CodeIgniter.php(326): CodeIgniter\CodeIgniter->handleRequest(NULL, Object(Config\Cache), false)
#12 C:\xampp\htdocs\ci4_coba\public\index.php(37): CodeIgniter\CodeIgniter->run()
#13 {main}
CRITICAL - 2023-06-17 23:19:50 --> Undefined property: App\Controllers\User::$ModelKategori
#0 C:\xampp\htdocs\ci4_coba\app\Controllers\User.php(22): CodeIgniter\Debug\Exceptions->errorHandler(8, 'Undefined prope...', 'C:\\xampp\\htdocs...', 22, Array)
#1 C:\xampp\htdocs\ci4_coba\system\CodeIgniter.php(832): App\Controllers\User->index()
#2 C:\xampp\htdocs\ci4_coba\system\CodeIgniter.php(419): CodeIgniter\CodeIgniter->runController(Object(App\Controllers\User))
#3 C:\xampp\htdocs\ci4_coba\system\CodeIgniter.php(326): CodeIgniter\CodeIgniter->handleRequest(NULL, Object(Config\Cache), false)
#4 C:\xampp\htdocs\ci4_coba\public\index.php(37): CodeIgniter\CodeIgniter->run()
#5 {main}
CRITICAL - 2023-06-17 23:20:14 --> Undefined property: App\Controllers\User::$ModelBagian
#0 C:\xampp\htdocs\ci4_coba\app\Controllers\User.php(22): CodeIgniter\Debug\Exceptions->errorHandler(8, 'Undefined prope...', 'C:\\xampp\\htdocs...', 22, Array)
#1 C:\xampp\htdocs\ci4_coba\system\CodeIgniter.php(832): App\Controllers\User->index()
#2 C:\xampp\htdocs\ci4_coba\system\CodeIgniter.php(419): CodeIgniter\CodeIgniter->runController(Object(App\Controllers\User))
#3 C:\xampp\htdocs\ci4_coba\system\CodeIgniter.php(326): CodeIgniter\CodeIgniter->handleRequest(NULL, Object(Config\Cache), false)
#4 C:\xampp\htdocs\ci4_coba\public\index.php(37): CodeIgniter\CodeIgniter->run()
#5 {main}
CRITICAL - 2023-06-17 23:21:59 --> Undefined index: id_bagian
#0 C:\xampp\htdocs\ci4_coba\app\Views\v_user.php(159): CodeIgniter\Debug\Exceptions->errorHandler(8, 'Undefined index...', 'C:\\xampp\\htdocs...', 159, Array)
#1 C:\xampp\htdocs\ci4_coba\system\View\View.php(210): include('C:\\xampp\\htdocs...')
#2 C:\xampp\htdocs\ci4_coba\system\View\View.php(213): CodeIgniter\View\View->CodeIgniter\View\{closure}()
#3 C:\xampp\htdocs\ci4_coba\system\Common.php(1089): CodeIgniter\View\View->render('v_user', Array, true)
#4 C:\xampp\htdocs\ci4_coba\app\Views\v_template.php(209): view('v_user')
#5 C:\xampp\htdocs\ci4_coba\system\View\View.php(210): include('C:\\xampp\\htdocs...')
#6 C:\xampp\htdocs\ci4_coba\system\View\View.php(213): CodeIgniter\View\View->CodeIgniter\View\{closure}()
#7 C:\xampp\htdocs\ci4_coba\system\Common.php(1089): CodeIgniter\View\View->render('v_template', Array, true)
#8 C:\xampp\htdocs\ci4_coba\app\Controllers\User.php(26): view('v_template', Array)
#9 C:\xampp\htdocs\ci4_coba\system\CodeIgniter.php(832): App\Controllers\User->index()
#10 C:\xampp\htdocs\ci4_coba\system\CodeIgniter.php(419): CodeIgniter\CodeIgniter->runController(Object(App\Controllers\User))
#11 C:\xampp\htdocs\ci4_coba\system\CodeIgniter.php(326): CodeIgniter\CodeIgniter->handleRequest(NULL, Object(Config\Cache), false)
#12 C:\xampp\htdocs\ci4_coba\public\index.php(37): CodeIgniter\CodeIgniter->run()
#13 {main}
